Removed Pin From Net: NetName=Vbat_Out Pin='On'-1
Removed Pin From Net: NetName=Vbat_In Pin='On'-2
Removed Pin From Net: NetName=TX_out Pin=RX_inv-1
Removed Pin From Net: NetName=RX Pin=RX_inv-2
Removed Member From Class: ClassName=Fusion Member='On'
Change Component Footprint: Designator=RX_inv Old Footprint=RESC2013X60X35ML10T20 New Footprint=RESC1608X55X25ML10T15
Change Component Footprint: Designator=RX_norm Old Footprint=RESC2013X60X35ML10T20 New Footprint=RESC1608X55X25ML10T15
Change Component Footprint: Designator=TX_inv Old Footprint=RESC2013X60X35ML10T20 New Footprint=RESC1608X55X25ML10T15
Change Component Footprint: Designator=TX_norm Old Footprint=RESC2013X60X35ML10T20 New Footprint=RESC1608X55X25ML10T15
Change Component Comment : Designator=RX_inv Old Comment=Resistor 0R +/- 5% 0805 125 mW New Comment=Resistor 4k7 +/-1% 0603 100 mW
Change Component Comment : Designator=RX_norm Old Comment=Resistor 0R +/- 5% 0805 125 mW New Comment=Resistor 4k7 +/-1% 0603 100 mW
Change Component Comment : Designator=TX_inv Old Comment=Resistor 0R +/- 5% 0805 125 mW New Comment=Resistor 4k7 +/-1% 0603 100 mW
Change Component Comment : Designator=TX_norm Old Comment=Resistor 0R +/- 5% 0805 125 mW New Comment=Resistor 4k7 +/-1% 0603 100 mW
Change Component Designator: OldDesignator=Aimant NewDesignator=Switch magnetique1
Change Component Designator: OldDesignator=Alim. NewDesignator=Interrupteur glissière?
Change Component Designator: OldDesignator=Alim. Q. NewDesignator=Connecteur_Alim_Quille1
Change Component Designator: OldDesignator=Bat. NewDesignator=Connecteur Bat
Change Component Designator: OldDesignator=Interrupteur NewDesignator=Interrupteur Power
Change Component Designator: OldDesignator=Link. NewDesignator=Connecteur link
Change Component Designator: OldDesignator=Prog. NewDesignator=Connecteur prog1
Change Component Designator: OldDesignator=V. Ext. NewDesignator=Connecteur Vext
Change Managed Component Library Link : Designator=RX_inv Old VaultGUID=60E8C0A0-888B-475B-A197-217242464790 New VaultGUID=60E8C0A0-888B-475B-A197-217242464790 Old ItemGUID=EBC35125-A4E1-4FDD-95FD-60AF4106E480 New ItemGUID=E022641B-BFA3-48AB-930A-DC1FD1D852CF Old RevisionGUID=202A106B-D2AE-42EC-B9DD-45EECEEDEBBF New RevisionGUID=BE737D6E-3004-4593-B340-DA96EBCCC700
Change Managed Component Library Link : Designator=RX_norm Old VaultGUID=60E8C0A0-888B-475B-A197-217242464790 New VaultGUID=60E8C0A0-888B-475B-A197-217242464790 Old ItemGUID=EBC35125-A4E1-4FDD-95FD-60AF4106E480 New ItemGUID=E022641B-BFA3-48AB-930A-DC1FD1D852CF Old RevisionGUID=202A106B-D2AE-42EC-B9DD-45EECEEDEBBF New RevisionGUID=BE737D6E-3004-4593-B340-DA96EBCCC700
Change Managed Component Library Link : Designator=TX_inv Old VaultGUID=60E8C0A0-888B-475B-A197-217242464790 New VaultGUID=60E8C0A0-888B-475B-A197-217242464790 Old ItemGUID=EBC35125-A4E1-4FDD-95FD-60AF4106E480 New ItemGUID=E022641B-BFA3-48AB-930A-DC1FD1D852CF Old RevisionGUID=202A106B-D2AE-42EC-B9DD-45EECEEDEBBF New RevisionGUID=BE737D6E-3004-4593-B340-DA96EBCCC700
Change Managed Component Library Link : Designator=TX_norm Old VaultGUID=60E8C0A0-888B-475B-A197-217242464790 New VaultGUID=60E8C0A0-888B-475B-A197-217242464790 Old ItemGUID=EBC35125-A4E1-4FDD-95FD-60AF4106E480 New ItemGUID=E022641B-BFA3-48AB-930A-DC1FD1D852CF Old RevisionGUID=202A106B-D2AE-42EC-B9DD-45EECEEDEBBF New RevisionGUID=BE737D6E-3004-4593-B340-DA96EBCCC700
Change component parameters: Designator = "RX_inv" ("RX_inv"); Footprint = "RESC2013X60X35ML10T20"; UniqueID = "\ZSCAEXMT" ("\ZSCAEXMT")
Change component parameters (AddParameter): Name = "Case/Package"; Value = "0603"; VariantName = "[No Variations]"
Change component parameters (AddParameter): Name = "Max Operating Temperature"; Value = "155°C"; VariantName = "[No Variations]"
Change component parameters (AddParameter): Name = "Min Operating Temperature"; Value = "-55°C"; VariantName = "[No Variations]"
Change component parameters (AddParameter): Name = "Mounting Technology"; Value = "SM"; VariantName = "[No Variations]"
Change component parameters (AddParameter): Name = "Pins"; Value = "2"; VariantName = "[No Variations]"
Change component parameters (AddParameter): Name = "Power"; Value = "100mW"; VariantName = "[No Variations]"
Change component parameters (AddParameter): Name = "RoHS Compliant"; Value = "True"; VariantName = "[No Variations]"
Change component parameters (AddParameter): Name = "Tolerance"; Value = "1%"; VariantName = "[No Variations]"
Change component parameters (AddParameter): Name = "Value"; Value = "0"; VariantName = "[No Variations]"
Change component parameters (AddParameter): Name = "Voltage Rating"; Value = ""; VariantName = "[No Variations]"
Change component parameters: Designator = "RX_norm" ("RX_norm"); Footprint = "RESC2013X60X35ML10T20"; UniqueID = "\UWVMVKOH" ("\UWVMVKOH")
Change component parameters (AddParameter): Name = "Case/Package"; Value = "0603"; VariantName = "[No Variations]"
Change component parameters (AddParameter): Name = "Max Operating Temperature"; Value = "155°C"; VariantName = "[No Variations]"
Change component parameters (AddParameter): Name = "Min Operating Temperature"; Value = "-55°C"; VariantName = "[No Variations]"
Change component parameters (AddParameter): Name = "Mounting Technology"; Value = "SM"; VariantName = "[No Variations]"
Change component parameters (AddParameter): Name = "Pins"; Value = "2"; VariantName = "[No Variations]"
Change component parameters (AddParameter): Name = "Power"; Value = "100mW"; VariantName = "[No Variations]"
Change component parameters (AddParameter): Name = "RoHS Compliant"; Value = "True"; VariantName = "[No Variations]"
Change component parameters (AddParameter): Name = "Tolerance"; Value = "1%"; VariantName = "[No Variations]"
Change component parameters (AddParameter): Name = "Value"; Value = "0"; VariantName = "[No Variations]"
Change component parameters (AddParameter): Name = "Voltage Rating"; Value = ""; VariantName = "[No Variations]"
Change component parameters: Designator = "TX_inv" ("TX_inv"); Footprint = "RESC2013X60X35ML10T20"; UniqueID = "\IYQJODLL" ("\IYQJODLL")
Change component parameters (AddParameter): Name = "Case/Package"; Value = "0603"; VariantName = "[No Variations]"
Change component parameters (AddParameter): Name = "Max Operating Temperature"; Value = "155°C"; VariantName = "[No Variations]"
Change component parameters (AddParameter): Name = "Min Operating Temperature"; Value = "-55°C"; VariantName = "[No Variations]"
Change component parameters (AddParameter): Name = "Mounting Technology"; Value = "SM"; VariantName = "[No Variations]"
Change component parameters (AddParameter): Name = "Pins"; Value = "2"; VariantName = "[No Variations]"
Change component parameters (AddParameter): Name = "Power"; Value = "100mW"; VariantName = "[No Variations]"
Change component parameters (AddParameter): Name = "RoHS Compliant"; Value = "True"; VariantName = "[No Variations]"
Change component parameters (AddParameter): Name = "Tolerance"; Value = "1%"; VariantName = "[No Variations]"
Change component parameters (AddParameter): Name = "Value"; Value = "0"; VariantName = "[No Variations]"
Change component parameters (AddParameter): Name = "Voltage Rating"; Value = ""; VariantName = "[No Variations]"
Change component parameters: Designator = "TX_norm" ("TX_norm"); Footprint = "RESC2013X60X35ML10T20"; UniqueID = "\GFOMDMJT" ("\GFOMDMJT")
Change component parameters (AddParameter): Name = "Case/Package"; Value = "0603"; VariantName = "[No Variations]"
Change component parameters (AddParameter): Name = "Max Operating Temperature"; Value = "155°C"; VariantName = "[No Variations]"
Change component parameters (AddParameter): Name = "Min Operating Temperature"; Value = "-55°C"; VariantName = "[No Variations]"
Change component parameters (AddParameter): Name = "Mounting Technology"; Value = "SM"; VariantName = "[No Variations]"
Change component parameters (AddParameter): Name = "Pins"; Value = "2"; VariantName = "[No Variations]"
Change component parameters (AddParameter): Name = "Power"; Value = "100mW"; VariantName = "[No Variations]"
Change component parameters (AddParameter): Name = "RoHS Compliant"; Value = "True"; VariantName = "[No Variations]"
Change component parameters (AddParameter): Name = "Tolerance"; Value = "1%"; VariantName = "[No Variations]"
Change component parameters (AddParameter): Name = "Value"; Value = "0"; VariantName = "[No Variations]"
Change component parameters (AddParameter): Name = "Voltage Rating"; Value = ""; VariantName = "[No Variations]"
Added Component: Designator=R2(RESC1608X55X25ML10T15)
Add component (AddParameter): Name = "Case/Package"; Value = "0603"; VariantName = "[No Variations]"
Add component (AddParameter): Name = "Max Operating Temperature"; Value = "155°C"; VariantName = "[No Variations]"
Add component (AddParameter): Name = "Min Operating Temperature"; Value = "-55°C"; VariantName = "[No Variations]"
Add component (AddParameter): Name = "Mounting Technology"; Value = "SM"; VariantName = "[No Variations]"
Add component (AddParameter): Name = "Pins"; Value = "2"; VariantName = "[No Variations]"
Add component (AddParameter): Name = "Power"; Value = "100mW"; VariantName = "[No Variations]"
Add component (AddParameter): Name = "RoHS Compliant"; Value = "True"; VariantName = "[No Variations]"
Add component (AddParameter): Name = "Tolerance"; Value = "1%"; VariantName = "[No Variations]"
Add component (AddParameter): Name = "Value"; Value = "0"; VariantName = "[No Variations]"
Add component (AddParameter): Name = "Voltage Rating"; Value = ""; VariantName = "[No Variations]"
Added Pin To Net: NetName=Vbat_In Pin=R2-1
Added Pin To Net: NetName=Vbat_Out Pin=R2-2
Added Pin To Net: NetName=RX Pin=RX_inv-1
Added Pin To Net: NetName=TX_out Pin=RX_inv-2
Added Member To Class: ClassName=Fusion Member=Component R2 Resistor 4k7 +/-1% 0603 100 mW
Added Room: Name=Fusion
